<?xml version="1.0" encoding="UTF-8" ?>
<testsuite errors="0" failures="2" hostname="PARITOSHs-MacBook-Air.local" name="AllTests" skipped="0" tests="5" time="0.332" timestamp="2021-07-24T18:53:47">
  <properties>
[...]
</properties>
  <testcase classname="Testing1" name="test" time="0.002" />
  <testcase classname="Testing2" name="test1" time="0.001" />
  <testcase classname="Testing2" name="test2" time="0.0" />
  <testcase classname="Testing3" name="test6" time="0.007">
    <failure message="expected:&lt;abc[1]&gt; but was:&lt;abc[]&gt;" type="junit.framework.AssertionFailedError">junit.framework.AssertionFailedError: expected:&lt;abc[1]&gt; but was:&lt;abc[]&gt;
	at Testing3.test6(Testing3.java:17)
	at java.base/jdk.internal.reflect.NativeMethodAccessorImpl.invoke0(Native Method)
	at java.base/jdk.internal.reflect.NativeMethodAccessorImpl.invoke(NativeMethodAccessorImpl.java:78)
	at java.base/jdk.internal.reflect.DelegatingMethodAccessorImpl.invoke(DelegatingMethodAccessorImpl.java:43)
</failure>
    <failure message="Values should be different. Actual: abc" type="junit.framework.AssertionFailedError">junit.framework.AssertionFailedError: Values should be different. Actual: abc
	at Testing3.test6(Testing3.java:24)
	at java.base/jdk.internal.reflect.NativeMethodAccessorImpl.invoke0(Native Method)
	at java.base/jdk.internal.reflect.NativeMethodAccessorImpl.invoke(NativeMethodAccessorImpl.java:78)
	at java.base/jdk.internal.reflect.DelegatingMethodAccessorImpl.invoke(DelegatingMethodAccessorImpl.java:43)
</failure>
  </testcase>
  <testcase classname="Testing3" name="test7" time="0.0" />
  <system-out><![CDATA[beforeclass
before
test
after
after class
test1
test2
before
first assersion failed
after
second assertions failed
last
before
after
last
]]></system-out>
  <system-err><![CDATA[]]></system-err>
</testsuite>
